<?xml version="1.0" encoding="UTF-8"?>
<testng-results skipped="0" failed="0" total="1" passed="1">
  <reporter-output>
  </reporter-output>
  <suite name="Suite" duration-ms="21" started-at="2019-07-17T11:43:46Z" finished-at="2019-07-17T11:43:46Z">
    <groups>
    </groups>
    <test name="Test" duration-ms="21" started-at="2019-07-17T11:43:46Z" finished-at="2019-07-17T11:43:46Z">
      <class name="abc.RunTest">
        <test-method status="PASS" signature="mavenTest()[pri:0, instance:abc.RunTest@3d8c7aca]" name="mavenTest" duration-ms="8" started-at="2019-07-17T17:13:46Z" finished-at="2019-07-17T17:13:46Z">
          <reporter-output>
          </reporter-output>
        </test-method> <!-- mavenTest -->
      </class> <!-- abc.RunTest -->
    </test> <!-- Test -->
  </suite> <!-- Suite -->
</testng-results>
