<?xml version="1.0" encoding="UTF-8"?>
<testng-results skipped="0" failed="0" ignored="0" total="1" passed="1">
  <reporter-output>
  </reporter-output>
  <suite name="Suite" duration-ms="104" started-at="2019-07-17T10:25:34Z" finished-at="2019-07-17T10:25:34Z">
    <groups>
    </groups>
    <test name="Test" duration-ms="104" started-at="2019-07-17T10:25:34Z" finished-at="2019-07-17T10:25:34Z">
      <class name="abc.RunTest">
        <test-method status="PASS" signature="mavenTest()[pri:0, instance:abc.RunTest@7d9d1a19]" name="mavenTest" duration-ms="10" started-at="2019-07-17T10:25:34Z" finished-at="2019-07-17T10:25:34Z">
          <reporter-output>
          </reporter-output>
        </test-method> <!-- mavenTest -->
      </class> <!-- abc.RunTest -->
    </test> <!-- Test -->
  </suite> <!-- Suite -->
</testng-results>
